2020-07-31 11:14:30 INFO  Log:21 -  *** The following test started: Test DB connection ****
2020-07-31 11:14:30 INFO  Log:21 - Successfully connected to DB jdbc:mysql://localhost:3306/usersjdbc:mysql://localhost:3306/users?useUnicode=true&serverTimezone=UTC&useSSL=true&verifyServerCertificate=false as user: andrei
2020-07-31 11:14:31 ERROR Log:33 - DB connection failed
2020-07-31 11:14:31 ERROR Log:33 - Unknown database 'usersjdbc:mysql://localhost:3306/users'
2020-07-31 11:14:31 INFO  Log:21 - *** Test ended: Test DB connection ***
2020-07-31 11:16:05 INFO  Log:21 -  *** The following test started: Test DB connection ****
2020-07-31 11:16:05 INFO  Log:21 - Successfully connected to DB jdbc:mysql://localhost:3306/usersjdbc:mysql://localhost:3306/users?useUnicode=true&serverTimezone=UTC&useSSL=true&verifyServerCertificate=false as user: andrei
2020-07-31 11:16:06 ERROR Log:33 - DB connection failed
2020-07-31 11:16:06 ERROR Log:33 - Unknown database 'usersjdbc:mysql://localhost:3306/users'
2020-07-31 11:16:06 INFO  Log:21 - *** Test ended: Test DB connection ***
2020-07-31 11:18:15 INFO  Log:21 -  *** The following test started: Test DB connection ****
2020-07-31 11:18:15 INFO  Log:21 - Successfully connected to DB
2020-07-31 11:18:16 ERROR Log:33 - DB connection failed
2020-07-31 11:18:16 ERROR Log:33 - Unknown database 'usersjdbc:mysql://localhost:3306/users'
2020-07-31 11:18:16 INFO  Log:21 - *** Test ended: Test DB connection ***
2020-07-31 11:19:30 INFO  Log:21 -  *** The following test started: Test DB connection ****
2020-07-31 11:19:30 INFO  Log:21 - Successfully connected to DB
2020-07-31 11:19:30 INFO  Log:21 - *** Test ended: Test DB connection ***
2020-07-31 11:20:02 INFO  Log:21 -  *** The following test started: Test DB connection ****
2020-07-31 11:20:02 INFO  Log:21 - Successfully connected to DB
2020-07-31 11:20:02 INFO  Log:21 - *** Test ended: Test DB connection ***
2020-07-31 11:20:40 INFO  Log:21 -  *** The following test started: Test DB connection ****
2020-07-31 11:20:40 INFO  Log:21 - Successfully connected to DB
2020-07-31 11:20:41 INFO  Log:21 - *** Test ended: Test DB connection ***
2020-07-31 11:32:21 INFO  Log:21 -  *** The following test started: –°–æ–∑–¥–∞–Ω–∏–µ —Ç–∞–±–ª–∏—Ü—ã students –≤ –ë–î ****
2020-07-31 11:32:21 INFO  Log:21 - Successfully connected to DB
2020-07-31 11:32:22 INFO  Log:21 - Request sent CREATE TABLE if not exists students
(
    Id INT (5) NOT NULL PRIMARY KEY AUTO_INCREMENT,
    age INT,
    FirstName varchar(20) NOT NULL,
    LastName varchar(20) NOT NULL
);
2020-07-31 11:32:22 INFO  Log:21 - Table successfully created
2020-07-31 11:32:22 INFO  Log:21 - *** Test ended: –°–æ–∑–¥–∞–Ω–∏–µ —Ç–∞–±–ª–∏—Ü—ã students –≤ –ë–î ***
2020-07-31 11:35:43 INFO  Log:21 -  *** The following test started: –°–æ–∑–¥–∞–Ω–∏–µ —Ç–∞–±–ª–∏—Ü—ã students –≤ –ë–î ****
2020-07-31 11:35:43 INFO  Log:21 - Successfully connected to DB
2020-07-31 11:35:43 INFO  Log:21 - Request sent CREATE TABLE if not exists students (Id INT (5) NOT NULL PRIMARY KEY AUTO_INCREMENT,age INT,FirstName varchar(20) NOT NULL,LastName varchar(20) NOT NULL)
2020-07-31 11:35:43 INFO  Log:21 - Table successfully created
2020-07-31 11:35:43 INFO  Log:21 - *** Test ended: –°–æ–∑–¥–∞–Ω–∏–µ —Ç–∞–±–ª–∏—Ü—ã students –≤ –ë–î ***
2020-07-31 11:37:04 INFO  Log:21 -  *** The following test started: —ÓÁ‰‡ÌËÂ Ú‡·ÎËˆ˚ students ‚ ¡ƒ ****
2020-07-31 11:37:04 INFO  Log:21 - Successfully connected to DB
2020-07-31 11:37:05 INFO  Log:21 - Request sent CREATE TABLE if not exists students (Id INT (5) NOT NULL PRIMARY KEY AUTO_INCREMENT,age INT,FirstName varchar(20) NOT NULL,LastName varchar(20) NOT NULL)
2020-07-31 11:37:05 INFO  Log:21 - Table successfully created
2020-07-31 11:37:05 INFO  Log:21 - *** Test ended: —ÓÁ‰‡ÌËÂ Ú‡·ÎËˆ˚ students ‚ ¡ƒ ***
2020-07-31 11:38:18 INFO  Log:21 -  *** The following test started: Test DB connection ****
2020-07-31 11:38:18 INFO  Log:21 - Successfully connected to DB
2020-07-31 11:38:18 INFO  Log:21 - *** Test ended: Test DB connection ***
2020-07-31 11:38:18 INFO  Log:21 -  *** The following test started: —ÓÁ‰‡ÌËÂ Ú‡·ÎËˆ˚ students ‚ ¡ƒ ****
2020-07-31 11:38:18 INFO  Log:21 - Successfully connected to DB
2020-07-31 11:38:18 INFO  Log:21 - Request sent CREATE TABLE if not exists students (Id INT (5) NOT NULL PRIMARY KEY AUTO_INCREMENT,age INT,FirstName varchar(20) NOT NULL,LastName varchar(20) NOT NULL)
2020-07-31 11:38:18 INFO  Log:21 - Table successfully created
2020-07-31 11:38:18 INFO  Log:21 - *** Test ended: —ÓÁ‰‡ÌËÂ Ú‡·ÎËˆ˚ students ‚ ¡ƒ ***
2020-07-31 11:39:24 INFO  Log:21 -  *** The following test started: —ÓÁ‰‡ÌËÂ Ú‡·ÎËˆ˚ students ‚ ¡ƒ ****
2020-07-31 11:39:24 INFO  Log:21 - Successfully connected to DB
2020-07-31 11:39:24 INFO  Log:21 - Request sent CREATE TABLE students (Id INT (5) NOT NULL PRIMARY KEY AUTO_INCREMENT,age INT,FirstName varchar(20) NOT NULL,LastName varchar(20) NOT NULL)
2020-07-31 11:39:24 ERROR Log:33 - Table creation failed
2020-07-31 11:39:24 ERROR Log:33 - Table 'students' already exists
2020-07-31 11:39:24 INFO  Log:21 - *** Test ended: —ÓÁ‰‡ÌËÂ Ú‡·ÎËˆ˚ students ‚ ¡ƒ ***
2020-07-31 11:39:28 INFO  Log:21 -  *** The following test started: —ÓÁ‰‡ÌËÂ Ú‡·ÎËˆ˚ students ‚ ¡ƒ ****
2020-07-31 11:39:28 INFO  Log:21 - Successfully connected to DB
2020-07-31 11:39:28 INFO  Log:21 - Request sent CREATE TABLE students (Id INT (5) NOT NULL PRIMARY KEY AUTO_INCREMENT,age INT,FirstName varchar(20) NOT NULL,LastName varchar(20) NOT NULL)
2020-07-31 11:39:28 ERROR Log:33 - Table creation failed
2020-07-31 11:39:28 ERROR Log:33 - Table 'students' already exists
2020-07-31 11:39:28 INFO  Log:21 - *** Test ended: —ÓÁ‰‡ÌËÂ Ú‡·ÎËˆ˚ students ‚ ¡ƒ ***
2020-07-31 11:40:09 INFO  Log:21 -  *** The following test started: —ÓÁ‰‡ÌËÂ Ú‡·ÎËˆ˚ students ‚ ¡ƒ ****
2020-07-31 11:40:09 INFO  Log:21 - Successfully connected to DB
2020-07-31 11:40:09 INFO  Log:21 - Request sent CREATE TABLE if not exists students (Id INT (5) NOT NULL PRIMARY KEY AUTO_INCREMENT,age INT,FirstName varchar(20) NOT NULL,LastName varchar(20) NOT NULL)
2020-07-31 11:40:09 INFO  Log:21 - Table successfully created
2020-07-31 11:40:09 INFO  Log:21 - *** Test ended: —ÓÁ‰‡ÌËÂ Ú‡·ÎËˆ˚ students ‚ ¡ƒ ***
2020-07-31 11:43:29 INFO  Log:21 -  *** The following test started: Test DB connection ****
2020-07-31 11:43:29 INFO  Log:21 - Successfully connected to DB
2020-07-31 11:43:30 INFO  Log:21 - *** Test ended: Test DB connection ***
2020-07-31 11:43:38 INFO  Log:21 -  *** The following test started: –°–æ–∑–¥–∞–Ω–∏–µ —Ç–∞–±–ª–∏—Ü—ã students –≤ –ë–î ****
2020-07-31 11:43:38 INFO  Log:21 - Successfully connected to DB
2020-07-31 11:43:38 INFO  Log:21 - Request sent CREATE TABLE if not exists students (Id INT (5) NOT NULL PRIMARY KEY AUTO_INCREMENT,age INT,FirstName varchar(20) NOT NULL,LastName varchar(20) NOT NULL)
2020-07-31 11:43:38 INFO  Log:21 - Table successfully created
2020-07-31 11:43:38 INFO  Log:21 - *** Test ended: –°–æ–∑–¥–∞–Ω–∏–µ —Ç–∞–±–ª–∏—Ü—ã students –≤ –ë–î ***
2020-07-31 11:48:20 INFO  Log:21 -  *** The following test started: –°–æ–∑–¥–∞–Ω–∏–µ —Ç–∞–±–ª–∏—Ü—ã students –≤ –ë–î ****
2020-07-31 11:48:20 INFO  Log:21 - Successfully connected to DB
2020-07-31 11:48:20 INFO  Log:21 - Request sent CREATE TABLE if not exists students (Id INT (5) NOT NULL PRIMARY KEY AUTO_INCREMENT,FirstName varchar(20) NOT NULL,LastName varchar(20) NOT NULL),age INT,HomeTown varchar(20)
2020-07-31 11:48:20 ERROR Log:33 - Table creation failed
2020-07-31 11:48:20 ERROR Log:33 - You have an error in your SQL syntax; check the manual that corresponds to your MySQL server version for the right syntax to use near ',age INT,HomeTown varchar(20)' at line 1
2020-07-31 11:48:20 INFO  Log:21 - *** Test ended: –°–æ–∑–¥–∞–Ω–∏–µ —Ç–∞–±–ª–∏—Ü—ã students –≤ –ë–î ***
2020-07-31 11:49:47 INFO  Log:21 -  *** The following test started: –°–æ–∑–¥–∞–Ω–∏–µ —Ç–∞–±–ª–∏—Ü—ã students –≤ –ë–î ****
2020-07-31 11:49:47 INFO  Log:21 - Successfully connected to DB
2020-07-31 11:49:48 INFO  Log:21 - Request sent CREATE TABLE if not exists students
(
    Id INT (5) NOT NULL PRIMARY KEY AUTO_INCREMENT,
    FirstName varchar(20) NOT NULL,
    LastName varchar(20) NOT NULL,
    HomeTown varchar(20),
    Age INT
);
2020-07-31 11:49:48 INFO  Log:21 - Table successfully created
2020-07-31 11:49:48 INFO  Log:21 - *** Test ended: –°–æ–∑–¥–∞–Ω–∏–µ —Ç–∞–±–ª–∏—Ü—ã students –≤ –ë–î ***
2020-07-31 11:50:41 INFO  Log:21 -  *** The following test started: –°–æ–∑–¥–∞–Ω–∏–µ —Ç–∞–±–ª–∏—Ü—ã students –≤ –ë–î ****
2020-07-31 11:50:41 INFO  Log:21 - Successfully connected to DB
2020-07-31 11:50:41 INFO  Log:21 - Request sent CREATE TABLE if not exists students
(
    Id INT (5) NOT NULL PRIMARY KEY AUTO_INCREMENT,
    FirstName varchar(20) NOT NULL,
    LastName varchar(20) NOT NULL,
    HomeTown varchar(20),
    Age INT);
2020-07-31 11:50:41 INFO  Log:21 - Table successfully created
2020-07-31 11:50:41 INFO  Log:21 - *** Test ended: –°–æ–∑–¥–∞–Ω–∏–µ —Ç–∞–±–ª–∏—Ü—ã students –≤ –ë–î ***
2020-07-31 11:51:32 INFO  Log:21 -  *** The following test started: –°–æ–∑–¥–∞–Ω–∏–µ —Ç–∞–±–ª–∏—Ü—ã students –≤ –ë–î ****
2020-07-31 11:51:33 INFO  Log:21 - Successfully connected to DB
2020-07-31 11:51:33 INFO  Log:21 - Request sent CREATE TABLE if not exists students    Id INT (5) NOT NULL PRIMARY KEY AUTO_INCREMENT,
    FirstName varchar(20) NOT NULL,
    LastName varchar(20) NOT NULL,
    HomeTown varchar(20),
    Age INT);
2020-07-31 11:51:33 ERROR Log:33 - Table creation failed
2020-07-31 11:51:33 ERROR Log:33 - You have an error in your SQL syntax; check the manual that corresponds to your MySQL server version for the right syntax to use near 'Id INT (5) NOT NULL PRIMARY KEY AUTO_INCREMENT,
    FirstName varchar(20) NOT NU' at line 1
2020-07-31 11:51:33 INFO  Log:21 - *** Test ended: –°–æ–∑–¥–∞–Ω–∏–µ —Ç–∞–±–ª–∏—Ü—ã students –≤ –ë–î ***
2020-07-31 11:52:43 INFO  Log:21 -  *** The following test started: –°–æ–∑–¥–∞–Ω–∏–µ —Ç–∞–±–ª–∏—Ü—ã students –≤ –ë–î ****
2020-07-31 11:52:43 INFO  Log:21 - Successfully connected to DB
2020-07-31 11:52:43 INFO  Log:21 - Request sent CREATE TABLE if not exists students
(   Id INT (5) NOT NULL PRIMARY KEY AUTO_INCREMENT,
    FirstName varchar(20) NOT NULL,
    LastName varchar(20) NOT NULL,
    HomeTown varchar(20),
    Age INT);
2020-07-31 11:52:43 INFO  Log:21 - Table successfully created
2020-07-31 11:52:43 INFO  Log:21 - *** Test ended: –°–æ–∑–¥–∞–Ω–∏–µ —Ç–∞–±–ª–∏—Ü—ã students –≤ –ë–î ***
2020-07-31 11:53:14 INFO  Log:21 -  *** The following test started: –°–æ–∑–¥–∞–Ω–∏–µ —Ç–∞–±–ª–∏—Ü—ã students –≤ –ë–î ****
2020-07-31 11:53:14 INFO  Log:21 - Successfully connected to DB
2020-07-31 11:53:14 INFO  Log:21 - Request sent CREATE TABLE if not exists students
    (Id INT (5) NOT NULL PRIMARY KEY AUTO_INCREMENT,
    FirstName varchar(20) NOT NULL,
    LastName varchar(20) NOT NULL,
    HomeTown varchar(20),
    Age INT);
2020-07-31 11:53:14 INFO  Log:21 - Table successfully created
2020-07-31 11:53:14 INFO  Log:21 - *** Test ended: –°–æ–∑–¥–∞–Ω–∏–µ —Ç–∞–±–ª–∏—Ü—ã students –≤ –ë–î ***
2020-07-31 12:40:10 INFO  Log:21 -  *** The following test started: Test DB connection ****
2020-07-31 12:40:10 INFO  Log:21 - Successfully connected to DB
2020-07-31 12:40:10 INFO  Log:21 - *** Test ended: Test DB connection ***
2020-07-31 12:40:10 INFO  Log:21 -  *** The following test started: –°–æ–∑–¥–∞–Ω–∏–µ —Ç–∞–±–ª–∏—Ü—ã students –≤ –ë–î ****
2020-07-31 12:40:10 INFO  Log:21 - Successfully connected to DB
2020-07-31 12:40:10 INFO  Log:21 - Request sent CREATE TABLE if not exists students
    (Id INT (5) NOT NULL PRIMARY KEY AUTO_INCREMENT,
    FirstName varchar(20) NOT NULL,
    LastName varchar(20) NOT NULL,
    HomeTown varchar(20),
    Age INT);
2020-07-31 12:40:11 INFO  Log:21 - Table successfully created
2020-07-31 12:40:11 INFO  Log:21 - *** Test ended: –°–æ–∑–¥–∞–Ω–∏–µ —Ç–∞–±–ª–∏—Ü—ã students –≤ –ë–î ***
2020-07-31 12:40:11 INFO  Log:21 -  *** The following test started: –ü—Ä–æ–≤–µ—Ä–∫–∞ –¥–æ–±–∞–≤–ª–µ–Ω–∏—è –¥–∞–Ω–Ω—ã—Ö –≤ —Ç–∞–±–ª–∏—Ü—É students ****
2020-07-31 12:40:11 INFO  Log:21 - Successfully connected to DB
2020-07-31 12:40:11 INFO  Log:21 - Request sent Insert students(FirstName, LastName, HomeTown, Age) VALUES
('Andrei', 'Kuturmazov', 'Grodno', 31),
('Stepan', 'Petrov', 'Minsk', 33),
('Hanna', 'Kulba', 'Grodno', 18),
('Karyna', 'Karmaza', 'Rymdyni', 18);
2020-07-31 12:40:11 INFO  Log:21 - Data successfully added
2020-07-31 12:40:11 INFO  Log:21 - *** Test ended: –ü—Ä–æ–≤–µ—Ä–∫–∞ –¥–æ–±–∞–≤–ª–µ–Ω–∏—è –¥–∞–Ω–Ω—ã—Ö –≤ —Ç–∞–±–ª–∏—Ü—É students ***
2020-07-31 12:47:33 INFO  Log:21 -  *** The following test started: –ü—Ä–æ–≤–µ—Ä–∫–∞ –ø–æ–ª—É—á–µ–Ω–∏—è –∏–Ω—Ñ–æ—Ä–º–∞—Ü–∏–∏ –æ —Å—Ç—É–¥–µ–Ω—Ç–µ ****
2020-07-31 12:47:33 INFO  Log:21 - Successfully connected to DB
2020-07-31 12:47:33 INFO  Log:21 - Request sent SELECT FirstName, LastName from students where Id = 1;
2020-07-31 12:47:33 INFO  Log:21 - Data from db retrieved
2020-07-31 12:47:33 INFO  Log:21 - *** Test ended: –ü—Ä–æ–≤–µ—Ä–∫–∞ –ø–æ–ª—É—á–µ–Ω–∏—è –∏–Ω—Ñ–æ—Ä–º–∞—Ü–∏–∏ –æ —Å—Ç—É–¥–µ–Ω—Ç–µ ***
2020-07-31 12:47:48 INFO  Log:21 -  *** The following test started: –ü—Ä–æ–≤–µ—Ä–∫–∞ –ø–æ–ª—É—á–µ–Ω–∏—è –∏–Ω—Ñ–æ—Ä–º–∞—Ü–∏–∏ –æ —Å—Ç—É–¥–µ–Ω—Ç–µ ****
2020-07-31 12:47:48 INFO  Log:21 - Successfully connected to DB
2020-07-31 12:47:49 INFO  Log:21 - Request sent SELECT FirstName, LastName from students where Id = 1;
2020-07-31 12:47:49 INFO  Log:21 - Data from db retrieved
2020-07-31 12:47:49 INFO  Log:21 - *** Test ended: –ü—Ä–æ–≤–µ—Ä–∫–∞ –ø–æ–ª—É—á–µ–Ω–∏—è –∏–Ω—Ñ–æ—Ä–º–∞—Ü–∏–∏ –æ —Å—Ç—É–¥–µ–Ω—Ç–µ ***
2020-07-31 12:48:19 INFO  Log:21 -  *** The following test started: –ü—Ä–æ–≤–µ—Ä–∫–∞ –ø–æ–ª—É—á–µ–Ω–∏—è –∏–Ω—Ñ–æ—Ä–º–∞—Ü–∏–∏ –æ —Å—Ç—É–¥–µ–Ω—Ç–µ ****
2020-07-31 12:48:19 INFO  Log:21 - Successfully connected to DB
2020-07-31 12:48:20 INFO  Log:21 - Request sent SELECT FirstName, LastName from students where Id = 1;
2020-07-31 12:48:20 INFO  Log:21 - Data from db retrieved
2020-07-31 12:48:20 INFO  Log:21 - *** Test ended: –ü—Ä–æ–≤–µ—Ä–∫–∞ –ø–æ–ª—É—á–µ–Ω–∏—è –∏–Ω—Ñ–æ—Ä–º–∞—Ü–∏–∏ –æ —Å—Ç—É–¥–µ–Ω—Ç–µ ***
2020-07-31 12:48:29 INFO  Log:21 -  *** The following test started: –ü—Ä–æ–≤–µ—Ä–∫–∞ –ø–æ–ª—É—á–µ–Ω–∏—è –∏–Ω—Ñ–æ—Ä–º–∞—Ü–∏–∏ –æ —Å—Ç—É–¥–µ–Ω—Ç–µ ****
2020-07-31 12:48:29 INFO  Log:21 - Successfully connected to DB
2020-07-31 12:48:29 INFO  Log:21 - Request sent SELECT FirstName, LastName from students where Id = 1;
2020-07-31 12:48:29 INFO  Log:21 - Data from db retrieved
2020-07-31 12:48:29 INFO  Log:21 - *** Test ended: –ü—Ä–æ–≤–µ—Ä–∫–∞ –ø–æ–ª—É—á–µ–Ω–∏—è –∏–Ω—Ñ–æ—Ä–º–∞—Ü–∏–∏ –æ —Å—Ç—É–¥–µ–Ω—Ç–µ ***
